✓ Initialized. View run at 
https://modal.com/apps/allengrahamhart/main/ap-SxKwmugUARphh9MG7GmdU6
✓ Created objects.
├── 🔨 Created mount 
│   /home/u2470931/smooth-read-solomin/prize/critical/nodes/dli_prime_weighted_l
│   arge_block_support/notes/m1_dli_m1_tower_census_modal.py
├── 🔨 Created function _full_row.
├── 🔨 Created function _dirs_chunk.
├── 🔨 Created function _xcheck_half.
├── 🔨 Created function _marginals.
└── 🔨 Created function _shard0.
## PRE-REGISTERED FALSIFIER (fixed at pose time, before any new data)
[C2PP_POSED_20260710.md, quoted verbatim]

C2'' is refuted by any of:
- (F-a) sustained super-polylog growth of the COSET-STRIPPED,
  ACCIDENT-PRICED junction ratios: after clauses (i)+(iii) with exact
  accounting, a residual bulk trend exceeding C*log q per junction for
  every C, sustained across >= 3 increasing q-scales at >= 2 depths of the
  packet's nested toy towers;
- (F-b) a replayable tower whose total clause-(ii)+(iii) charge,
  transported by the packet arithmetic, exceeds the full 21-bit reserve;
- (F-c) an accident census (>= 30 rows at fixed shape) whose exceedance
  frequencies reject the clause-(iii) Poisson window law at p < 10^-3.

NOT falsifiers: raw unstripped conditional ratios (F2b's 4.25x/8.40x -- the
coset column is exact accounting); single orbit-quantized spikes consistent
with the exact window mean (the 6.6x/9.4x classes); failures of per-level,
per-junction-uniform, or factorized proxies.

[M1 scope note: F-a and F-c are scored by this experiment; F-b needs the
packet transport arithmetic and is NOT scored here (aggregate bit-charge is
printed as an unscored diagnostic).]

theta = 2.0 (pose-time convention); coset column = k = 0; n = 64, h = 32; orbit quantum = 64.

SHARD PLAN: shard0=True, 14 full-grid rows, 31 direction-sharded rows (340 chunks + 31 marginal workers), 8 xcheck workers
  dirs row q=3137 t=2 g=0: 3138 directions in 2 chunks (~120s est/chunk)
  dirs row q=3329 t=2 g=0: 3330 directions in 2 chunks (~120s est/chunk)
  dirs row q=3457 t=2 g=0: 3458 directions in 3 chunks (~120s est/chunk)
  dirs row q=4289 t=2 g=0: 4290 directions in 4 chunks (~120s est/chunk)
  dirs row q=4481 t=2 g=0: 4482 directions in 4 chunks (~120s est/chunk)
  dirs row q=4673 t=2 g=0: 4674 directions in 4 chunks (~120s est/chunk)
  dirs row q=4801 t=2 g=0: 4802 directions in 5 chunks (~120s est/chunk)
  dirs row q=4993 t=2 g=0: 4994 directions in 5 chunks (~120s est/chunk)
  dirs row q=5441 t=2 g=0: 5442 directions in 6 chunks (~120s est/chunk)
  dirs row q=5569 t=2 g=0: 5570 directions in 6 chunks (~120s est/chunk)
  dirs row q=5953 t=2 g=0: 5954 directions in 7 chunks (~120s est/chunk)
  dirs row q=6337 t=2 g=0: 6338 directions in 8 chunks (~120s est/chunk)
  dirs row q=6529 t=2 g=0: 6530 directions in 8 chunks (~120s est/chunk)
  dirs row q=6977 t=2 g=0: 6978 directions in 9 chunks (~120s est/chunk)
  dirs row q=7297 t=2 g=0: 7298 directions in 10 chunks (~120s est/chunk)
  dirs row q=7489 t=2 g=0: 7490 directions in 10 chunks (~120s est/chunk)
  dirs row q=7681 t=2 g=0: 7682 directions in 11 chunks (~120s est/chunk)
  dirs row q=7873 t=2 g=0: 7874 directions in 11 chunks (~120s est/chunk)
  dirs row q=7937 t=2 g=0: 7938 directions in 12 chunks (~120s est/chunk)
  dirs row q=8513 t=2 g=0: 8514 directions in 13 chunks (~120s est/chunk)
  dirs row q=8641 t=2 g=0: 8642 directions in 14 chunks (~120s est/chunk)
  dirs row q=9281 t=2 g=0: 9282 directions in 16 chunks (~120s est/chunk)
  dirs row q=9473 t=2 g=0: 9474 directions in 16 chunks (~120s est/chunk)
  dirs row q=9601 t=2 g=0: 9602 directions in 17 chunks (~120s est/chunk)
  dirs row q=9857 t=2 g=0: 9858 directions in 18 chunks (~120s est/chunk)
  dirs row q=10177 t=2 g=0: 10178 directions in 19 chunks (~120s est/chunk)
  dirs row q=10369 t=2 g=0: 10370 directions in 19 chunks (~120s est/chunk)
  dirs row q=12289 t=2 g=0: 12290 directions in 27 chunks (~120s est/chunk)
  dirs row q=257 t=3 g=1: 258 directions in 3 chunks (~120s est/chunk)
  dirs row q=449 t=3 g=1: 450 directions in 17 chunks (~119s est/chunk)
  dirs row q=577 t=3 g=1: 578 directions in 34 chunks (~120s est/chunk)

SHARD 0 (banked 8-row replay + n64 B==C): PASS

XCHECK PASS: literal 16+16 MITM == grid DP at (t=2, q=193), all classes exact

========================================================================
PER-ROW RECORD (n=64)
========================================================================
t=2 q=   193: raw=  1.000 strip_mass=  1.000 BULK=  1.000 | acc: -
t=2 q=   257: raw=  1.000 strip_mass=  1.000 BULK=  1.000 | acc: -
t=2 q=   449: raw=  1.000 strip_mass=  1.000 BULK=  1.000 | acc: -
t=2 q=   577: raw=  1.000 strip_mass=  1.000 BULK=  1.000 | acc: -
t=2 q=   641: raw=  1.000 strip_mass=  1.000 BULK=  1.000 | acc: -
t=2 q=   769: raw=  1.000 strip_mass=  1.000 BULK=  1.000 | acc: -
t=2 q=  1153: raw=  1.000 strip_mass=  1.000 BULK=  1.000 | acc: -
t=2 q=  1217: raw=  1.000 strip_mass=  1.000 BULK=  1.000 | acc: -
t=2 q=  1409: raw=  1.000 strip_mass=  1.000 BULK=  1.000 | acc: -
t=2 q=  1601: raw=  1.000 strip_mass=  1.000 BULK=  1.000 | acc: -
t=2 q=  2113: raw=  1.000 strip_mass=  1.000 BULK=  1.000 | acc: -
t=2 q=  2689: raw=  1.000 strip_mass=  1.000 BULK=  1.000 | acc: -
t=2 q=  2753: raw=  1.000 strip_mass=  1.000 BULK=  1.000 | acc: -
t=2 q=  3137: raw=  1.000 strip_mass=  1.000 BULK=  1.000 | acc: -
t=2 q=  3329: raw=  1.000 strip_mass=  1.000 BULK=  1.000 | acc: -
t=2 q=  3457: raw=  1.000 strip_mass=  1.000 BULK=  1.000 | acc: -
t=2 q=  4289: raw=  1.000 strip_mass=  1.000 BULK=  1.000 | acc: -
t=2 q=  4481: raw=  1.000 strip_mass=  1.000 BULK=  1.000 | acc: -
t=2 q=  4673: raw=  1.000 strip_mass=  1.000 BULK=  1.000 | acc: -
t=2 q=  4801: raw=  1.000 strip_mass=  1.000 BULK=  1.000 | acc: -
t=2 q=  4993: raw=  1.000 strip_mass=  1.000 BULK=  1.000 | acc: -
t=2 q=  5441: raw=  1.000 strip_mass=  1.000 BULK=  1.000 | acc: -
t=2 q=  5569: raw=  1.000 strip_mass=  1.000 BULK=  1.000 | acc: -
t=2 q=  5953: raw=  1.000 strip_mass=  1.000 BULK=  1.000 | acc: -
t=2 q=  6337: raw=  1.000 strip_mass=  1.000 BULK=  1.000 | acc: -
t=2 q=  6529: raw=  1.000 strip_mass=  1.000 BULK=  1.000 | acc: -
t=2 q=  6977: raw=  1.000 strip_mass=  1.000 BULK=  1.000 | acc: -
t=2 q=  7297: raw=  1.000 strip_mass=  1.000 BULK=  1.000 | acc: -
t=2 q=  7489: raw=  1.000 strip_mass=  1.000 BULK=  1.000 | acc: -
t=2 q=  7681: raw=  1.000 strip_mass=  1.000 BULK=  1.000 | acc: -
t=2 q=  7873: raw=  1.000 strip_mass=  1.000 BULK=  1.000 | acc: -
t=2 q=  7937: raw=  1.002 strip_mass=  1.002 BULK=  1.002 | acc: -
t=2 q=  8513: raw=  1.000 strip_mass=  1.000 BULK=  1.000 | acc: -
t=2 q=  8641: raw=  1.001 strip_mass=  1.001 BULK=  1.001 | acc: -
t=2 q=  9281: raw=  1.000 strip_mass=  1.000 BULK=  1.000 | acc: -
t=2 q=  9473: raw=  1.000 strip_mass=  1.000 BULK=  1.000 | acc: -
t=2 q=  9601: raw=  1.000 strip_mass=  1.000 BULK=  1.000 | acc: -
t=2 q=  9857: raw=  1.001 strip_mass=  1.001 BULK=  1.001 | acc: -
t=2 q= 10177: raw=  0.997 strip_mass=  0.997 BULK=  0.997 | acc: -
t=2 q= 10369: raw=  1.001 strip_mass=  1.001 BULK=  1.001 | acc: -
t=2 q= 12289: raw=  1.000 strip_mass=  1.000 BULK=  1.000 | acc: -
t=3 q=   193: raw=  1.000 strip_mass=  1.000 BULK=  1.000 | acc: -
t=3 q=   257: raw=  1.000 strip_mass=  1.000 BULK=  1.000 | acc: -
t=3 q=   449: raw=  1.000 strip_mass=  1.000 BULK=  1.000 | acc: -
t=3 q=   577: raw=  1.000 strip_mass=  1.000 BULK=  1.000 | acc: -

[unscored F-b diagnostic] per-junction bulk log2-charges: max=0.003 bits, GM allowance 21/33=0.636 bits/junction (aggregate form primary)

========================================================================
F-a READ -- coset-stripped, accident-priced bulk trend vs C log q
========================================================================

depth t=2: q, bulk_ratio, bulk/log2(q):
  q=   193  bulk=  1.0000  s= 0.13171  (raw=1.000 strip=1.000)
  q=   257  bulk=  1.0000  s= 0.12491  (raw=1.000 strip=1.000)
  q=   449  bulk=  1.0000  s= 0.11350  (raw=1.000 strip=1.000)
  q=   577  bulk=  1.0000  s= 0.10902  (raw=1.000 strip=1.000)
  q=   641  bulk=  1.0000  s= 0.10725  (raw=1.000 strip=1.000)
  q=   769  bulk=  1.0000  s= 0.10431  (raw=1.000 strip=1.000)
  q=  1153  bulk=  1.0000  s= 0.09832  (raw=1.000 strip=1.000)
  q=  1217  bulk=  1.0000  s= 0.09757  (raw=1.000 strip=1.000)
  q=  1409  bulk=  1.0000  s= 0.09560  (raw=1.000 strip=1.000)
  q=  1601  bulk=  1.0000  s= 0.09394  (raw=1.000 strip=1.000)
  q=  2113  bulk=  1.0000  s= 0.09054  (raw=1.000 strip=1.000)
  q=  2689  bulk=  1.0001  s= 0.08778  (raw=1.000 strip=1.000)
  q=  2753  bulk=  1.0000  s= 0.08751  (raw=1.000 strip=1.000)
  q=  3137  bulk=  1.0000  s= 0.08609  (raw=1.000 strip=1.000)
  q=  3329  bulk=  1.0000  s= 0.08547  (raw=1.000 strip=1.000)
  q=  3457  bulk=  1.0001  s= 0.08507  (raw=1.000 strip=1.000)
  q=  4289  bulk=  1.0000  s= 0.08287  (raw=1.000 strip=1.000)
  q=  4481  bulk=  1.0000  s= 0.08244  (raw=1.000 strip=1.000)
  q=  4673  bulk=  1.0000  s= 0.08204  (raw=1.000 strip=1.000)
  q=  4801  bulk=  1.0000  s= 0.08177  (raw=1.000 strip=1.000)
  q=  4993  bulk=  1.0000  s= 0.08139  (raw=1.000 strip=1.000)
  q=  5441  bulk=  1.0000  s= 0.08058  (raw=1.000 strip=1.000)
  q=  5569  bulk=  1.0003  s= 0.08039  (raw=1.000 strip=1.000)
  q=  5953  bulk=  1.0000  s= 0.07975  (raw=1.000 strip=1.000)
  q=  6337  bulk=  1.0000  s= 0.07918  (raw=1.000 strip=1.000)
  q=  6529  bulk=  1.0001  s= 0.07892  (raw=1.000 strip=1.000)
  q=  6977  bulk=  1.0005  s= 0.07836  (raw=1.000 strip=1.000)
  q=  7297  bulk=  1.0000  s= 0.07793  (raw=1.000 strip=1.000)
  q=  7489  bulk=  1.0000  s= 0.07770  (raw=1.000 strip=1.000)
  q=  7681  bulk=  1.0000  s= 0.07748  (raw=1.000 strip=1.000)
  q=  7873  bulk=  1.0003  s= 0.07729  (raw=1.000 strip=1.000)
  q=  7937  bulk=  1.0019  s= 0.07734  (raw=1.002 strip=1.002)
  q=  8513  bulk=  1.0000  s= 0.07660  (raw=1.000 strip=1.000)
  q=  8641  bulk=  1.0013  s= 0.07657  (raw=1.001 strip=1.001)
  q=  9281  bulk=  1.0001  s= 0.07588  (raw=1.000 strip=1.000)
  q=  9473  bulk=  1.0000  s= 0.07570  (raw=1.000 strip=1.000)
  q=  9601  bulk=  1.0003  s= 0.07561  (raw=1.000 strip=1.000)
  q=  9857  bulk=  1.0006  s= 0.07542  (raw=1.001 strip=1.001)
  q= 10177  bulk=  0.9966  s= 0.07486  (raw=0.997 strip=0.997)
  q= 10369  bulk=  1.0006  s= 0.07501  (raw=1.001 strip=1.001)
  q= 12289  bulk=  1.0002  s= 0.07363  (raw=1.000 strip=1.000)
  octave slope objects s_j: j=7:0.13333  j=8:0.11765  j=9:0.10526  j=10:0.09524  j=11:0.08696  j=12:0.08002  j=13:0.07407
  depth t=2 F-a proxy: does not fire (7 octaves populated)

depth t=3: q, bulk_ratio, bulk/log2(q):
  q=   193  bulk=  1.0000  s= 0.13171  (raw=1.000 strip=1.000)
  q=   257  bulk=  1.0000  s= 0.12491  (raw=1.000 strip=1.000)
  q=   449  bulk=  0.9999  s= 0.11349  (raw=1.000 strip=1.000)
  q=   577  bulk=  1.0000  s= 0.10902  (raw=1.000 strip=1.000)
  octave slope objects s_j: j=7:0.13333  j=8:0.11764  j=9:0.10526
  depth t=3 F-a proxy: does not fire (3 octaves populated)

F-a KILL LINE: fires at 0 depth(s); requirement >= 2  ==> F-a NOT fired (C2 double-prime survives this read)

========================================================================
F-c READ -- accident census vs the Poisson window law (fixed shape n=64, t=2)
========================================================================
census: 32 rows, 32 rare-window cells (k with lambda <= 1/2)
  q=  1409 k=3: lambda=0.4400  V_orbits=0  accident=no
  q=  1601 k=3: lambda=0.3873  V_orbits=0  accident=no
  q=  2113 k=3: lambda=0.2934  V_orbits=0  accident=no
  q=  2689 k=3: lambda=0.2306  V_orbits=0  accident=no
  q=  2753 k=3: lambda=0.2252  V_orbits=0  accident=no
  q=  3137 k=3: lambda=0.1976  V_orbits=0  accident=no
  q=  3329 k=3: lambda=0.1862  V_orbits=0  accident=no
  q=  3457 k=3: lambda=0.1793  V_orbits=0  accident=no
  q=  4289 k=3: lambda=0.1446  V_orbits=0  accident=no
  q=  4481 k=3: lambda=0.1384  V_orbits=0  accident=no
  q=  4673 k=3: lambda=0.1327  V_orbits=0  accident=no
  q=  4801 k=3: lambda=0.1291  V_orbits=0  accident=no
  q=  4993 k=3: lambda=0.1242  V_orbits=0  accident=no
  q=  5441 k=3: lambda=0.1139  V_orbits=0  accident=no
  q=  5569 k=3: lambda=0.1113  V_orbits=0  accident=no
  q=  5953 k=3: lambda=0.1041  V_orbits=0  accident=no
  q=  6337 k=3: lambda=0.0978  V_orbits=0  accident=no
  q=  6529 k=3: lambda=0.0950  V_orbits=0  accident=no
  q=  6977 k=3: lambda=0.0889  V_orbits=0  accident=no
  q=  7297 k=3: lambda=0.0850  V_orbits=0  accident=no
  q=  7489 k=3: lambda=0.0828  V_orbits=0  accident=no
  q=  7681 k=3: lambda=0.0807  V_orbits=0  accident=no
  q=  7873 k=3: lambda=0.0788  V_orbits=0  accident=no
  q=  7937 k=3: lambda=0.0781  V_orbits=2  accident=no
  q=  8513 k=3: lambda=0.0728  V_orbits=0  accident=no
  q=  8641 k=3: lambda=0.0718  V_orbits=0  accident=no
  q=  9281 k=3: lambda=0.0668  V_orbits=0  accident=no
  q=  9473 k=3: lambda=0.0654  V_orbits=0  accident=no
  q=  9601 k=3: lambda=0.0646  V_orbits=0  accident=no
  q=  9857 k=3: lambda=0.0629  V_orbits=0  accident=no
  q= 10177 k=3: lambda=0.0609  V_orbits=0  accident=no
  q= 10369 k=3: lambda=0.0598  V_orbits=0  accident=no

PRIMARY (exceedance frequency): X=0 accidents vs E=3.957  exact Poisson-binomial two-sided p=2.581e-02
SECONDARY (orbit-dressing quanta): T=2 orbits vs Poisson(sum lambda=4.350)  exact two-sided p=3.823e-01
F-c KILL LINE: p < 1e-3 on either test  ==> F-c NOT fired (window law survives at 30+ rows)

NON-FALSIFIERS (not scored, per the pose): raw unstripped ratios above; single orbit-quantized spikes consistent with the window mean; per-level/uniform/factorized proxies.

========================================================================
M1 VERDICT: C2'' SURVIVES its first adversarial round (M1) -- eligible for promotion per the F-round rule after maintainer review
========================================================================
results written to m1_dli_m1_results.json
Stopping app - local entrypoint completed.
✓ App completed. View run at 
https://modal.com/apps/allengrahamhart/main/ap-SxKwmugUARphh9MG7GmdU6
